{
  "RSpec": {
    "coverage": {
      "/home/guifs/workspace/meu_projeto/curso/treinadev03/treinadev2020-pf_headhunter_recruit/app/models/candidate.rb": {
        "lines": [
          1,
          null,
          null,
          1,
          null,
          null,
          1,
          1,
          null,
          1,
          1,
          null
        ]
      },
      "/home/guifs/workspace/meu_projeto/curso/treinadev03/treinadev2020-pf_headhunter_recruit/app/models/application_record.rb": {
        "lines": [
          1,
          1,
          null
        ]
      },
      "/home/guifs/workspace/meu_projeto/curso/treinadev03/treinadev2020-pf_headhunter_recruit/app/models/headhunter.rb": {
        "lines": [
          1,
          null,
          null,
          1,
          null,
          null,
          1,
          null,
          1,
          1,
          null,
          null,
          null
        ]
      },
      "/home/guifs/workspace/meu_projeto/curso/treinadev03/treinadev2020-pf_headhunter_recruit/app/helpers/application_helper.rb": {
        "lines": [
          1,
          null
        ]
      },
      "/home/guifs/workspace/meu_projeto/curso/treinadev03/treinadev2020-pf_headhunter_recruit/app/models/apply_vacancy.rb": {
        "lines": [
          1,
          1,
          1,
          null
        ]
      },
      "/home/guifs/workspace/meu_projeto/curso/treinadev03/treinadev2020-pf_headhunter_recruit/app/models/level.rb": {
        "lines": [
          1,
          1,
          null,
          1,
          1,
          null
        ]
      },
      "/home/guifs/workspace/meu_projeto/curso/treinadev03/treinadev2020-pf_headhunter_recruit/app/models/profile.rb": {
        "lines": [
          1,
          1,
          1,
          1,
          1,
          null,
          null,
          1,
          null,
          null,
          null,
          null,
          null
        ]
      },
      "/home/guifs/workspace/meu_projeto/curso/treinadev03/treinadev2020-pf_headhunter_recruit/app/models/vacancy.rb": {
        "lines": [
          1,
          1,
          1,
          1,
          1,
          null,
          null,
          null,
          1,
          null,
          null,
          null,
          1,
          null,
          2,
          null,
          null,
          null
        ]
      },
      "/home/guifs/workspace/meu_projeto/curso/treinadev03/treinadev2020-pf_headhunter_recruit/app/controllers/application_controller.rb": {
        "lines": [
          1,
          null
        ]
      },
      "/home/guifs/workspace/meu_projeto/curso/treinadev03/treinadev2020-pf_headhunter_recruit/app/controllers/headhunters_home_controller.rb": {
        "lines": [
          1,
          1,
          null,
          null,
          null
        ]
      },
      "/home/guifs/workspace/meu_projeto/curso/treinadev03/treinadev2020-pf_headhunter_recruit/app/controllers/candidates_home_controller.rb": {
        "lines": [
          1,
          1,
          9,
          null,
          9,
          null,
          9,
          3,
          null,
          null,
          null,
          null,
          null,
          null,
          null,
          null
        ]
      },
      "/home/guifs/workspace/meu_projeto/curso/treinadev03/treinadev2020-pf_headhunter_recruit/app/controllers/vacancies_controller.rb": {
        "lines": [
          1,
          null,
          1,
          null,
          null,
          null,
          1,
          3,
          3,
          null,
          null,
          1,
          2,
          2,
          null,
          null,
          1,
          2,
          2,
          2,
          1,
          1,
          1,
          null,
          1,
          1,
          null,
          null,
          null,
          1,
          1,
          1,
          1,
          null,
          null,
          null,
          1,
          null,
          1,
          2,
          null,
          null,
          null,
          null,
          null,
          null
        ]
      },
      "/home/guifs/workspace/meu_projeto/curso/treinadev03/treinadev2020-pf_headhunter_recruit/app/controllers/apply_vacancies_controller.rb": {
        "lines": [
          1,
          null,
          null,
          null,
          1,
          1,
          null,
          null,
          1,
          1,
          1,
          null,
          null,
          1,
          1,
          1,
          1,
          1,
          1,
          1,
          1,
          1,
          null,
          0,
          null,
          null,
          null,
          1,
          null,
          1,
          1,
          null,
          null
        ]
      },
      "/home/guifs/workspace/meu_projeto/curso/treinadev03/treinadev2020-pf_headhunter_recruit/app/controllers/profiles_controller.rb": {
        "lines": [
          1,
          null,
          1,
          3,
          3,
          null,
          null,
          1,
          3,
          null,
          null,
          1,
          2,
          2,
          2,
          1,
          1,
          null,
          1,
          null,
          null,
          null,
          1,
          1,
          null,
          null,
          null,
          1,
          1,
          1,
          1,
          1,
          null,
          0,
          null,
          null,
          null,
          1,
          1,
          1,
          null,
          null,
          null,
          1,
          null,
          1,
          3,
          null,
          null,
          null,
          null,
          null
        ]
      },
      "/home/guifs/workspace/meu_projeto/curso/treinadev03/treinadev2020-pf_headhunter_recruit/app/controllers/home_controller.rb": {
        "lines": [
          1,
          1,
          null,
          null,
          null,
          1,
          null,
          null
        ]
      },
      "/home/guifs/workspace/meu_projeto/curso/treinadev03/treinadev2020-pf_headhunter_recruit/app/controllers/levels_controller.rb": {
        "lines": [
          1,
          null,
          1,
          1,
          null,
          null,
          1,
          1,
          1,
          1,
          1,
          null,
          0,
          null,
          null,
          null,
          1,
          null,
          1,
          1,
          null,
          null
        ]
      },
      "/home/guifs/workspace/meu_projeto/curso/treinadev03/treinadev2020-pf_headhunter_recruit/app/mailers/application_mailer.rb": {
        "lines": [
          0,
          0,
          0,
          0
        ],
        "branches": {
        }
      }
    },
    "timestamp": 1590375153
  }
}
