{
  "RSpec": {
    "coverage": {
      "/home/guifs/workspace/meu_projeto/curso/treinadev03/treinadev2020-pf_headhunter_recruit/app/models/candidate.rb": {
        "lines": [
          1,
          null,
          null,
          1,
          null,
          null,
          1,
          1,
          null,
          1,
          1,
          null
        ]
      },
      "/home/guifs/workspace/meu_projeto/curso/treinadev03/treinadev2020-pf_headhunter_recruit/app/models/application_record.rb": {
        "lines": [
          1,
          1,
          null
        ]
      },
      "/home/guifs/workspace/meu_projeto/curso/treinadev03/treinadev2020-pf_headhunter_recruit/app/models/headhunter.rb": {
        "lines": [
          1,
          null,
          null,
          1,
          null,
          null,
          1,
          null,
          1,
          1,
          null,
          null,
          null
        ]
      },
      "/home/guifs/workspace/meu_projeto/curso/treinadev03/treinadev2020-pf_headhunter_recruit/app/helpers/application_helper.rb": {
        "lines": [
          1,
          null
        ]
      },
      "/home/guifs/workspace/meu_projeto/curso/treinadev03/treinadev2020-pf_headhunter_recruit/app/models/apply_vacancy.rb": {
        "lines": [
          1,
          1,
          1,
          1,
          null,
          null,
          1,
          null,
          16,
          3,
          null
        ]
      },
      "/home/guifs/workspace/meu_projeto/curso/treinadev03/treinadev2020-pf_headhunter_recruit/app/models/comment.rb": {
        "lines": [
          1,
          1,
          1,
          null,
          1,
          null,
          12,
          null,
          null
        ]
      },
      "/home/guifs/workspace/meu_projeto/curso/treinadev03/treinadev2020-pf_headhunter_recruit/app/models/level.rb": {
        "lines": [
          1,
          1,
          null,
          1,
          1,
          null
        ]
      },
      "/home/guifs/workspace/meu_projeto/curso/treinadev03/treinadev2020-pf_headhunter_recruit/app/models/profile.rb": {
        "lines": [
          1,
          1,
          1,
          1,
          1,
          1,
          null,
          null,
          1,
          null,
          null,
          null,
          null,
          null
        ]
      },
      "/home/guifs/workspace/meu_projeto/curso/treinadev03/treinadev2020-pf_headhunter_recruit/app/models/proposal.rb": {
        "lines": [
          1,
          1,
          1,
          1,
          null,
          1,
          null,
          null,
          null,
          4,
          null,
          null,
          null,
          null
        ]
      },
      "/home/guifs/workspace/meu_projeto/curso/treinadev03/treinadev2020-pf_headhunter_recruit/app/models/reject_apply_vacancy.rb": {
        "lines": [
          1,
          1,
          1,
          1,
          null,
          1,
          null,
          3,
          null,
          null
        ]
      },
      "/home/guifs/workspace/meu_projeto/curso/treinadev03/treinadev2020-pf_headhunter_recruit/app/models/star_profile.rb": {
        "lines": [
          1,
          1,
          1,
          null,
          14,
          null,
          null
        ]
      },
      "/home/guifs/workspace/meu_projeto/curso/treinadev03/treinadev2020-pf_headhunter_recruit/app/models/vacancy.rb": {
        "lines": [
          1,
          1,
          1,
          1,
          1,
          null,
          null,
          null,
          1,
          null,
          null,
          null,
          1,
          null,
          null,
          null,
          null,
          null,
          null,
          null,
          2,
          null,
          null,
          6,
          null
        ]
      },
      "/home/guifs/workspace/meu_projeto/curso/treinadev03/treinadev2020-pf_headhunter_recruit/app/controllers/application_controller.rb": {
        "lines": [
          1,
          null,
          1,
          null,
          1,
          32,
          0,
          0,
          null,
          null,
          null,
          1,
          39,
          28,
          5,
          5,
          null,
          null,
          null,
          null,
          1,
          24,
          0,
          0,
          null,
          null,
          null
        ]
      },
      "/home/guifs/workspace/meu_projeto/curso/treinadev03/treinadev2020-pf_headhunter_recruit/app/controllers/headhunters_home_controller.rb": {
        "lines": [
          1,
          1,
          null,
          null,
          null
        ]
      },
      "/home/guifs/workspace/meu_projeto/curso/treinadev03/treinadev2020-pf_headhunter_recruit/app/controllers/candidates_home_controller.rb": {
        "lines": [
          1,
          1,
          1,
          null,
          1,
          12,
          null,
          12,
          12,
          0,
          null,
          null,
          null,
          null,
          1,
          null,
          1,
          0,
          0,
          0,
          null,
          null,
          null,
          1,
          0,
          0,
          null,
          null
        ]
      },
      "/home/guifs/workspace/meu_projeto/curso/treinadev03/treinadev2020-pf_headhunter_recruit/app/controllers/vacancies_controller.rb": {
        "lines": [
          1,
          1,
          1,
          null,
          1,
          15,
          15,
          15,
          null,
          null,
          1,
          2,
          2,
          null,
          null,
          1,
          2,
          2,
          2,
          1,
          1,
          1,
          null,
          1,
          1,
          null,
          null,
          null,
          1,
          1,
          1,
          1,
          null,
          null,
          1,
          5,
          5,
          null,
          null,
          1,
          null,
          1,
          2,
          null,
          null,
          null,
          null,
          null,
          null
        ]
      },
      "/home/guifs/workspace/meu_projeto/curso/treinadev03/treinadev2020-pf_headhunter_recruit/app/controllers/apply_vacancies_controller.rb": {
        "lines": [
          1,
          1,
          null,
          null,
          1,
          1,
          null,
          null,
          1,
          3,
          3,
          null,
          null,
          1,
          2,
          2,
          2,
          2,
          2,
          2,
          1,
          1,
          null,
          1,
          null,
          null,
          null,
          1,
          null,
          1,
          2,
          null,
          null
        ]
      },
      "/home/guifs/workspace/meu_projeto/curso/treinadev03/treinadev2020-pf_headhunter_recruit/app/controllers/profiles_controller.rb": {
        "lines": [
          1,
          1,
          1,
          null,
          1,
          14,
          14,
          14,
          14,
          null,
          null,
          1,
          5,
          null,
          null,
          1,
          2,
          2,
          2,
          1,
          1,
          null,
          1,
          null,
          null,
          null,
          1,
          1,
          null,
          null,
          1,
          1,
          1,
          1,
          1,
          null,
          0,
          null,
          null,
          null,
          1,
          2,
          2,
          null,
          null,
          1,
          2,
          null,
          null,
          1,
          3,
          null,
          null,
          1,
          null,
          1,
          3,
          null,
          null,
          null,
          null,
          1,
          14,
          11,
          11,
          null,
          null,
          null,
          1,
          14,
          11,
          11,
          null,
          null,
          null
        ]
      },
      "/home/guifs/workspace/meu_projeto/curso/treinadev03/treinadev2020-pf_headhunter_recruit/app/controllers/home_controller.rb": {
        "lines": [
          1,
          1,
          null,
          null
        ]
      },
      "/home/guifs/workspace/meu_projeto/curso/treinadev03/treinadev2020-pf_headhunter_recruit/app/controllers/proposals_controller.rb": {
        "lines": [
          1,
          1,
          null,
          1,
          3,
          3,
          3,
          null,
          null,
          1,
          2,
          2,
          2,
          null,
          null,
          1,
          2,
          2,
          2,
          2,
          1,
          null,
          null,
          1,
          null,
          null,
          null,
          1,
          null,
          1,
          2,
          null,
          null,
          null,
          null
        ]
      },
      "/home/guifs/workspace/meu_projeto/curso/treinadev03/treinadev2020-pf_headhunter_recruit/app/controllers/levels_controller.rb": {
        "lines": [
          1,
          1,
          null,
          1,
          1,
          null,
          null,
          1,
          1,
          1,
          1,
          1,
          null,
          0,
          null,
          null,
          null,
          1,
          null,
          1,
          1,
          null,
          null
        ]
      },
      "/home/guifs/workspace/meu_projeto/curso/treinadev03/treinadev2020-pf_headhunter_recruit/app/controllers/reject_apply_vacancies_controller.rb": {
        "lines": [
          1,
          1,
          null,
          1,
          2,
          2,
          2,
          null,
          null,
          1,
          2,
          2,
          2,
          2,
          1,
          null,
          null,
          1,
          null,
          null,
          null,
          1,
          null,
          1,
          2,
          null,
          null,
          null
        ]
      },
      "/home/guifs/workspace/meu_projeto/curso/treinadev03/treinadev2020-pf_headhunter_recruit/app/controllers/star_profiles_controller.rb": {
        "lines": [
          1,
          1,
          null,
          1,
          2,
          2,
          2,
          2,
          2,
          null,
          null,
          1,
          2,
          2,
          2,
          null,
          null,
          1,
          null,
          1,
          0,
          null,
          null
        ]
      },
      "/home/guifs/workspace/meu_projeto/curso/treinadev03/treinadev2020-pf_headhunter_recruit/app/controllers/comments_controller.rb": {
        "lines": [
          1,
          1,
          1,
          3,
          3,
          null,
          null,
          1,
          2,
          2,
          2,
          2,
          1,
          1,
          null,
          1,
          null,
          null,
          null,
          1,
          null,
          1,
          2,
          null,
          null
        ]
      }
    },
    "timestamp": 1590867421
  }
}
